<?xml version="1.0" encoding="UTF-8"?>
<!-- Generated by org.testng.reporters.JUnitReportReporter -->
<testsuite hostname="Abhisheks-MacBook-Pro-4.local" failures="0" tests="4" name="api.test.UserTests2" time="8.019" errors="0" timestamp="2023-08-27T19:40:24 IST" skipped="0">
  <testcase classname="api.test.UserTests2" name="testPostUser" time="2.857"/>
  <testcase classname="api.test.UserTests2" name="testGetUser" time="1.585"/>
  <testcase classname="api.test.UserTests2" name="testUpdateUser" time="2.230"/>
  <testcase classname="api.test.UserTests2" name="testDeleteUser" time="1.347"/>
</testsuite> <!-- api.test.UserTests2 -->
