<?xml version="1.0" encoding="UTF-8"?>
<!-- Generated by org.testng.reporters.JUnitReportReporter -->
<testsuite hostname="Abhisheks-MacBook-Pro-4.local" failures="0" tests="4" name="api.test.UserTests" time="8.428" errors="0" timestamp="2023-08-27T20:01:02 IST" skipped="0">
  <testcase classname="api.test.UserTests" name="testPostUser" time="2.470"/>
  <testcase classname="api.test.UserTests" name="testGetUser" time="1.576"/>
  <testcase classname="api.test.UserTests" name="testUpdateUser" time="2.969"/>
  <testcase classname="api.test.UserTests" name="testDeleteUser" time="1.413"/>
</testsuite> <!-- api.test.UserTests -->
