<?xml version="1.0" encoding="UTF-8"?>
<!-- Generated by org.testng.reporters.JUnitReportReporter -->
<testsuite hostname="Abhisheks-MacBook-Pro-4.local" failures="0" tests="10" name="api.test.DDTests" time="13.549" errors="0" timestamp="2023-08-27T20:01:02 IST" skipped="0">
  <testcase classname="api.test.DDTests" name="testPostuser" time="1.514"/>
  <testcase classname="api.test.DDTests" name="testPostuser" time="1.535"/>
  <testcase classname="api.test.DDTests" name="testPostuser" time="1.355"/>
  <testcase classname="api.test.DDTests" name="testPostuser" time="1.101"/>
  <testcase classname="api.test.DDTests" name="testPostuser" time="1.332"/>
  <testcase classname="api.test.DDTests" name="testDeleteUserByName" time="1.328"/>
  <testcase classname="api.test.DDTests" name="testDeleteUserByName" time="1.435"/>
  <testcase classname="api.test.DDTests" name="testDeleteUserByName" time="1.560"/>
  <testcase classname="api.test.DDTests" name="testDeleteUserByName" time="1.283"/>
  <testcase classname="api.test.DDTests" name="testDeleteUserByName" time="1.106"/>
</testsuite> <!-- api.test.DDTests -->
